<?xml version="1.0" encoding="UTF-8"?>
<!-- Generated by org.testng.reporters.JUnitReportReporter -->
<testsuite name="EdurekaProject.EdurekaProject.ExploreBlogsOnEdureka" tests="1" time="25.238" ignored="0" failures="0" timestamp="01 Aug 2018 04:14:18 GMT" skipped="0" hostname="DESKTOP-MM29R1T" errors="0">
  <testcase name="main" time="25.238" classname="EdurekaProject.EdurekaProject.ExploreBlogsOnEdureka"/>
</testsuite> <!-- EdurekaProject.EdurekaProject.ExploreBlogsOnEdureka -->
