<?xml version="1.0" encoding="UTF-8"?>
<!-- Generated by org.testng.reporters.JUnitReportReporter -->
<testsuite name="com.Edureka.Scripts.ExploreBlogsOnEdureka" tests="1" time="24.396" ignored="0" failures="0" timestamp="10 Aug 2018 04:31:06 GMT" skipped="0" hostname="DESKTOP-MM29R1T" errors="0">
  <testcase name="main" time="24.396" classname="com.Edureka.Scripts.ExploreBlogsOnEdureka"/>
</testsuite> <!-- com.Edureka.Scripts.ExploreBlogsOnEdureka -->
