<?xml version="1.0" encoding="UTF-8"?>
<!-- Generated by org.testng.reporters.JUnitReportReporter -->
<testsuite name="EdurekaProject.EdurekaProject.ExploreTheProductsOnEdureka" tests="1" time="52.539" ignored="0" failures="0" timestamp="01 Aug 2018 04:14:18 GMT" skipped="0" hostname="DESKTOP-MM29R1T" errors="0">
  <testcase name="main" time="52.539" classname="EdurekaProject.EdurekaProject.ExploreTheProductsOnEdureka"/>
</testsuite> <!-- EdurekaProject.EdurekaProject.ExploreTheProductsOnEdureka -->
