<?xml version="1.0" encoding="UTF-8"?>
<!-- Generated by org.testng.reporters.JUnitReportReporter -->
<testsuite skipped="0" hostname="DESKTOP-MM29R1T" name="Edureka_mavenProj.Edureka_mavenProj.EditProfile" tests="1" failures="0" timestamp="14 Jul 2018 14:26:33 GMT" time="24.692" errors="0">
  <testcase name="loginBrowser" time="24.692" classname="Edureka_mavenProj.Edureka_mavenProj.EditProfile"/>
</testsuite> <!-- Edureka_mavenProj.Edureka_mavenProj.EditProfile -->
